<?xml version="1.0" encoding="UTF-8"?>
<testng-results ignored="0" total="1" passed="1" failed="0" skipped="0">
  <reporter-output>
  </reporter-output>
  <suite started-at="2026-01-03T13:20:00 IST" name="Default suite" finished-at="2026-01-03T13:23:29 IST" duration-ms="208534">
    <groups>
    </groups>
    <test started-at="2026-01-03T13:20:00 IST" name="Default test" finished-at="2026-01-03T13:23:29 IST" duration-ms="208534">
      <class name="tests.auth.SupportPageTest">
        <test-method is-config="true" signature="setUp()[pri:0, instance:tests.auth.SupportPageTest@58e1d9d]" started-at="2026-01-03T13:20:00 IST" name="setUp" finished-at="2026-01-03T13:20:09 IST" duration-ms="9179" status="PASS">
          <reporter-output>
          </reporter-output>
        </test-method> <!-- setUp -->
        <test-method signature="verifyHelpAndSupportFlow()[pri:0, instance:tests.auth.SupportPageTest@58e1d9d]" started-at="2026-01-03T13:20:10 IST" name="verifyHelpAndSupportFlow" finished-at="2026-01-03T13:23:29 IST" duration-ms="198830" status="PASS">
          <reporter-output>
          </reporter-output>
        </test-method> <!-- verifyHelpAndSupportFlow -->
      </class> <!-- tests.auth.SupportPageTest -->
    </test> <!-- Default test -->
  </suite> <!-- Default suite -->
</testng-results>
