<?xml version="1.0" encoding="UTF-8"?>
<testng-results ignored="0" total="1" passed="1" failed="0" skipped="0">
  <reporter-output>
  </reporter-output>
  <suite started-at="2025-12-24T11:46:27 IST" name="Default suite" finished-at="2025-12-24T11:51:02 IST" duration-ms="274909">
    <groups>
    </groups>
    <test started-at="2025-12-24T11:46:27 IST" name="Default test" finished-at="2025-12-24T11:51:02 IST" duration-ms="274909">
      <class name="tests.auth.AddGearTest">
        <test-method is-config="true" signature="setUp()[pri:0, instance:tests.auth.AddGearTest@58e1d9d]" started-at="2025-12-24T11:46:27 IST" name="setUp" finished-at="2025-12-24T11:46:56 IST" duration-ms="28509" status="PASS">
          <reporter-output>
          </reporter-output>
        </test-method> <!-- setUp -->
        <test-method signature="verifyAddGearInfoStep()[pri:0, instance:tests.auth.AddGearTest@58e1d9d]" started-at="2025-12-24T11:46:57 IST" name="verifyAddGearInfoStep" finished-at="2025-12-24T11:51:02 IST" duration-ms="244787" status="PASS">
          <reporter-output>
          </reporter-output>
        </test-method> <!-- verifyAddGearInfoStep -->
      </class> <!-- tests.auth.AddGearTest -->
    </test> <!-- Default test -->
  </suite> <!-- Default suite -->
</testng-results>
